TN:
SF:src\js\components\MainScreen.js
FN:2,(anonymous_0)
FN:15,(anonymous_1)
FN:24,(anonymous_2)
FN:35,(anonymous_3)
FN:40,(anonymous_4)
FN:43,(anonymous_5)
FN:44,(anonymous_6)
FN:45,(anonymous_7)
FN:48,(anonymous_8)
FN:53,(anonymous_9)
FN:88,(anonymous_10)
FN:118,(anonymous_11)
FN:121,(anonymous_12)
FN:139,(anonymous_13)
FN:153,(anonymous_14)
FN:167,(anonymous_15)
FN:183,(anonymous_16)
FN:193,(anonymous_17)
FN:203,(anonymous_18)
FN:211,(anonymous_19)
FN:244,(anonymous_20)
FN:267,(anonymous_21)
FN:277,(anonymous_22)
FN:296,(anonymous_23)
FN:310,(anonymous_24)
FNF:25
FNH:11
FNDA:6,(anonymous_0)
FNDA:6,(anonymous_1)
FNDA:0,(anonymous_2)
FNDA:0,(anonymous_3)
FNDA:0,(anonymous_4)
FNDA:0,(anonymous_5)
FNDA:0,(anonymous_6)
FNDA:0,(anonymous_7)
FNDA:0,(anonymous_8)
FNDA:1,(anonymous_9)
FNDA:1,(anonymous_10)
FNDA:2,(anonymous_11)
FNDA:3,(anonymous_12)
FNDA:3,(anonymous_13)
FNDA:2,(anonymous_14)
FNDA:0,(anonymous_15)
FNDA:0,(anonymous_16)
FNDA:0,(anonymous_17)
FNDA:4,(anonymous_18)
FNDA:4,(anonymous_19)
FNDA:0,(anonymous_20)
FNDA:0,(anonymous_21)
FNDA:0,(anonymous_22)
FNDA:0,(anonymous_23)
FNDA:5,(anonymous_24)
DA:3,6
DA:4,6
DA:5,6
DA:7,6
DA:8,6
DA:9,6
DA:11,6
DA:12,6
DA:16,6
DA:20,6
DA:21,6
DA:25,0
DA:26,0
DA:27,0
DA:28,0
DA:29,0
DA:30,0
DA:31,0
DA:32,0
DA:41,0
DA:42,0
DA:43,0
DA:44,0
DA:45,0
DA:47,0
DA:48,0
DA:50,0
DA:54,1
DA:56,1
DA:57,1
DA:59,1
DA:60,0
DA:61,0
DA:64,1
DA:67,1
DA:68,1
DA:69,1
DA:70,1
DA:72,0
DA:73,0
DA:74,0
DA:75,0
DA:76,0
DA:79,0
DA:80,0
DA:82,0
DA:83,0
DA:89,1
DA:91,1
DA:93,1
DA:94,0
DA:95,0
DA:99,1
DA:100,1
DA:101,1
DA:102,1
DA:104,0
DA:105,0
DA:107,0
DA:108,0
DA:109,0
DA:110,0
DA:113,0
DA:114,0
DA:119,2
DA:121,3
DA:124,2
DA:127,2
DA:130,2
DA:131,2
DA:132,2
DA:133,2
DA:135,0
DA:140,3
DA:142,3
DA:145,3
DA:146,1
DA:147,1
DA:148,1
DA:149,1
DA:150,1
DA:151,1
DA:152,1
DA:153,2
DA:155,1
DA:158,2
DA:159,2
DA:160,0
DA:161,0
DA:162,0
DA:163,0
DA:164,0
DA:165,0
DA:166,0
DA:167,0
DA:168,0
DA:171,2
DA:172,2
DA:173,2
DA:175,2
DA:176,0
DA:177,0
DA:178,0
DA:179,0
DA:180,0
DA:181,0
DA:182,0
DA:183,0
DA:184,0
DA:188,2
DA:191,2
DA:192,0
DA:193,0
DA:194,0
DA:195,0
DA:197,0
DA:202,2
DA:203,4
DA:207,2
DA:210,2
DA:211,2
DA:212,4
DA:215,2
DA:216,2
DA:217,0
DA:219,2
DA:222,2
DA:226,2
DA:229,2
DA:231,2
DA:233,0
DA:236,2
DA:239,2
DA:241,2
DA:245,0
DA:247,0
DA:248,0
DA:249,0
DA:250,0
DA:251,0
DA:252,0
DA:254,0
DA:258,0
DA:259,0
DA:263,0
DA:264,0
DA:266,0
DA:268,0
DA:270,0
DA:271,0
DA:274,0
DA:277,0
DA:279,0
DA:283,0
DA:284,0
DA:286,0
DA:287,0
DA:291,0
DA:293,0
DA:297,0
DA:299,0
DA:300,0
DA:301,0
DA:304,0
DA:306,0
DA:311,5
DA:318,5
LF:167
LH:73
BRDA:25,0,0,0
BRDA:25,0,1,0
BRDA:41,1,0,0
BRDA:41,1,1,0
BRDA:59,2,0,0
BRDA:59,2,1,1
BRDA:67,3,0,1
BRDA:67,3,1,0
BRDA:72,4,0,0
BRDA:72,4,1,0
BRDA:93,5,0,0
BRDA:93,5,1,1
BRDA:99,6,0,1
BRDA:99,6,1,0
BRDA:104,7,0,0
BRDA:104,7,1,0
BRDA:131,8,0,2
BRDA:131,8,1,0
BRDA:145,9,0,1
BRDA:145,9,1,2
BRDA:145,10,0,3
BRDA:145,10,1,2
BRDA:145,10,2,2
BRDA:159,11,0,0
BRDA:159,11,1,2
BRDA:159,12,0,2
BRDA:159,12,1,2
BRDA:159,12,2,2
BRDA:175,13,0,0
BRDA:175,13,1,2
BRDA:191,14,0,0
BRDA:191,14,1,2
BRDA:194,15,0,0
BRDA:194,15,1,0
BRDA:226,16,0,2
BRDA:226,16,1,2
BRDA:229,17,0,2
BRDA:229,17,1,0
BRDA:231,18,0,0
BRDA:231,18,1,2
BRDA:247,19,0,0
BRDA:247,19,1,0
BRDA:249,20,0,0
BRDA:249,20,1,0
BRDA:258,21,0,0
BRDA:258,21,1,0
BRDA:270,22,0,0
BRDA:270,22,1,0
BRDA:270,23,0,0
BRDA:270,23,1,0
BRDA:299,24,0,0
BRDA:299,24,1,0
BRDA:318,25,0,5
BRDA:318,25,1,0
BRF:54
BRH:21
end_of_record
TN:
SF:src\js\components\SetsManager.js
FN:4,(anonymous_0)
FN:41,(anonymous_1)
FN:45,(anonymous_2)
FN:75,(anonymous_3)
FN:97,(anonymous_4)
FN:119,(anonymous_5)
FN:120,(anonymous_6)
FN:121,(anonymous_7)
FN:122,(anonymous_8)
FN:124,(anonymous_9)
FN:125,(anonymous_10)
FN:126,(anonymous_11)
FN:132,(anonymous_12)
FN:144,(anonymous_13)
FN:168,(anonymous_14)
FN:170,(anonymous_15)
FN:182,(anonymous_16)
FN:191,(anonymous_17)
FN:207,(anonymous_18)
FN:278,(anonymous_19)
FN:292,(anonymous_20)
FN:293,(anonymous_21)
FN:303,(anonymous_22)
FN:310,(anonymous_23)
FN:312,(anonymous_24)
FN:323,(anonymous_25)
FN:324,(anonymous_26)
FN:335,(anonymous_27)
FN:352,(anonymous_28)
FN:361,(anonymous_29)
FN:370,(anonymous_30)
FN:408,(anonymous_31)
FN:411,(anonymous_32)
FN:425,(anonymous_33)
FN:429,(anonymous_34)
FN:433,(anonymous_35)
FN:442,(anonymous_36)
FN:465,(anonymous_37)
FN:481,(anonymous_38)
FN:491,(anonymous_39)
FN:492,(anonymous_40)
FN:527,(anonymous_41)
FN:538,(anonymous_42)
FN:539,(anonymous_43)
FN:570,(anonymous_44)
FN:590,(anonymous_45)
FN:619,(anonymous_46)
FN:620,(anonymous_47)
FN:632,(anonymous_48)
FN:645,(anonymous_49)
FN:659,(anonymous_50)
FN:670,(anonymous_51)
FN:671,(anonymous_52)
FN:686,(anonymous_53)
FN:700,(anonymous_54)
FN:723,(anonymous_55)
FN:740,(anonymous_56)
FN:742,(anonymous_57)
FN:748,(anonymous_58)
FN:763,(anonymous_59)
FNF:60
FNH:5
FNDA:5,(anonymous_0)
FNDA:0,(anonymous_1)
FNDA:2,(anonymous_2)
FNDA:0,(anonymous_3)
FNDA:2,(anonymous_4)
FNDA:0,(anonymous_5)
FNDA:0,(anonymous_6)
FNDA:0,(anonymous_7)
FNDA:0,(anonymous_8)
FNDA:0,(anonymous_9)
FNDA:0,(anonymous_10)
FNDA:0,(anonymous_11)
FNDA:1,(anonymous_12)
FNDA:1,(anonymous_13)
FNDA:0,(anonymous_14)
FNDA:0,(anonymous_15)
FNDA:0,(anonymous_16)
FNDA:0,(anonymous_17)
FNDA:0,(anonymous_18)
FNDA:0,(anonymous_19)
FNDA:0,(anonymous_20)
FNDA:0,(anonymous_21)
FNDA:0,(anonymous_22)
FNDA:0,(anonymous_23)
FNDA:0,(anonymous_24)
FNDA:0,(anonymous_25)
FNDA:0,(anonymous_26)
FNDA:0,(anonymous_27)
FNDA:0,(anonymous_28)
FNDA:0,(anonymous_29)
FNDA:0,(anonymous_30)
FNDA:0,(anonymous_31)
FNDA:0,(anonymous_32)
FNDA:0,(anonymous_33)
FNDA:0,(anonymous_34)
FNDA:0,(anonymous_35)
FNDA:0,(anonymous_36)
FNDA:0,(anonymous_37)
FNDA:0,(anonymous_38)
FNDA:0,(anonymous_39)
FNDA:0,(anonymous_40)
FNDA:0,(anonymous_41)
FNDA:0,(anonymous_42)
FNDA:0,(anonymous_43)
FNDA:0,(anonymous_44)
FNDA:0,(anonymous_45)
FNDA:0,(anonymous_46)
FNDA:0,(anonymous_47)
FNDA:0,(anonymous_48)
FNDA:0,(anonymous_49)
FNDA:0,(anonymous_50)
FNDA:0,(anonymous_51)
FNDA:0,(anonymous_52)
FNDA:0,(anonymous_53)
FNDA:0,(anonymous_54)
FNDA:0,(anonymous_55)
FNDA:0,(anonymous_56)
FNDA:0,(anonymous_57)
FNDA:0,(anonymous_58)
FNDA:0,(anonymous_59)
DA:5,5
DA:6,5
DA:7,5
DA:8,5
DA:9,5
DA:12,5
DA:13,5
DA:14,5
DA:15,5
DA:16,5
DA:17,5
DA:18,5
DA:21,5
DA:22,5
DA:23,5
DA:24,5
DA:25,5
DA:28,5
DA:29,5
DA:30,5
DA:31,5
DA:34,5
DA:35,5
DA:36,5
DA:37,5
DA:38,5
DA:46,2
DA:49,2
DA:50,0
DA:51,0
DA:52,0
DA:53,0
DA:54,0
DA:55,0
DA:57,0
DA:58,0
DA:62,2
DA:63,2
DA:71,2
DA:75,2
DA:76,0
DA:77,0
DA:78,0
DA:79,0
DA:81,0
DA:86,2
DA:87,2
DA:91,0
DA:93,2
DA:98,2
DA:101,2
DA:102,2
DA:103,2
DA:105,2
DA:110,2
DA:111,2
DA:112,2
DA:115,2
DA:116,2
DA:119,2
DA:120,2
DA:121,2
DA:122,2
DA:124,2
DA:125,2
DA:126,2
DA:128,2
DA:129,2
DA:133,1
DA:134,1
DA:135,1
DA:136,1
DA:138,0
DA:140,1
DA:145,1
DA:146,1
DA:147,1
DA:148,1
DA:149,1
DA:150,1
DA:151,1
DA:152,1
DA:154,1
DA:155,1
DA:157,1
DA:158,1
DA:159,1
DA:160,1
DA:161,1
DA:162,1
DA:163,1
DA:164,1
DA:170,0
DA:171,0
DA:172,0
DA:173,0
DA:174,0
DA:176,0
DA:177,0
DA:178,0
DA:179,0
DA:182,0
DA:183,0
DA:184,0
DA:185,0
DA:187,0
DA:191,0
DA:192,0
DA:193,0
DA:195,0
DA:196,0
DA:197,0
DA:198,0
DA:200,0
DA:201,0
DA:202,0
DA:203,0
DA:204,0
DA:207,0
DA:208,0
DA:210,0
DA:211,0
DA:212,0
DA:214,0
DA:215,0
DA:216,0
DA:218,0
DA:219,0
DA:220,0
DA:222,0
DA:223,0
DA:224,0
DA:225,0
DA:227,0
DA:228,0
DA:229,0
DA:230,0
DA:231,0
DA:232,0
DA:234,0
DA:237,0
DA:238,0
DA:239,0
DA:241,0
DA:242,0
DA:244,0
DA:245,0
DA:247,0
DA:248,0
DA:250,0
DA:251,0
DA:252,0
DA:253,0
DA:254,0
DA:255,0
DA:260,0
DA:261,0
DA:262,0
DA:263,0
DA:264,0
DA:265,0
DA:268,0
DA:269,0
DA:275,0
DA:278,0
DA:279,0
DA:281,0
DA:282,0
DA:283,0
DA:286,0
DA:287,0
DA:290,0
DA:291,0
DA:292,0
DA:293,0
DA:295,0
DA:296,0
DA:297,0
DA:300,0
DA:303,0
DA:304,0
DA:305,0
DA:312,0
DA:313,0
DA:314,0
DA:316,0
DA:317,0
DA:318,0
DA:321,0
DA:322,0
DA:323,0
DA:324,0
DA:326,0
DA:327,0
DA:328,0
DA:331,0
DA:335,0
DA:336,0
DA:337,0
DA:339,0
DA:340,0
DA:343,0
DA:344,0
DA:345,0
DA:347,0
DA:352,0
DA:353,0
DA:356,0
DA:362,0
DA:363,0
DA:364,0
DA:365,0
DA:368,0
DA:370,0
DA:371,0
DA:372,0
DA:373,0
DA:374,0
DA:375,0
DA:378,0
DA:379,0
DA:380,0
DA:382,0
DA:383,0
DA:384,0
DA:385,0
DA:387,0
DA:408,0
DA:411,0
DA:422,0
DA:425,0
DA:426,0
DA:429,0
DA:430,0
DA:433,0
DA:434,0
DA:435,0
DA:440,0
DA:441,0
DA:442,0
DA:443,0
DA:444,0
DA:445,0
DA:446,0
DA:453,0
DA:457,0
DA:459,0
DA:461,0
DA:466,0
DA:467,0
DA:468,0
DA:469,0
DA:471,0
DA:472,0
DA:473,0
DA:477,0
DA:482,0
DA:484,0
DA:485,0
DA:487,0
DA:488,0
DA:489,0
DA:490,0
DA:491,0
DA:492,0
DA:494,0
DA:496,0
DA:497,0
DA:498,0
DA:501,0
DA:502,0
DA:503,0
DA:507,0
DA:509,0
DA:510,0
DA:511,0
DA:512,0
DA:514,0
DA:515,0
DA:517,0
DA:520,0
DA:523,0
DA:528,0
DA:530,0
DA:531,0
DA:533,0
DA:534,0
DA:535,0
DA:536,0
DA:537,0
DA:538,0
DA:539,0
DA:541,0
DA:543,0
DA:544,0
DA:545,0
DA:548,0
DA:549,0
DA:550,0
DA:553,0
DA:554,0
DA:555,0
DA:556,0
DA:557,0
DA:558,0
DA:560,0
DA:563,0
DA:566,0
DA:571,0
DA:572,0
DA:574,0
DA:575,0
DA:576,0
DA:578,0
DA:579,0
DA:580,0
DA:583,0
DA:586,0
DA:591,0
DA:592,0
DA:593,0
DA:594,0
DA:596,0
DA:597,0
DA:598,0
DA:601,0
DA:602,0
DA:603,0
DA:619,0
DA:620,0
DA:621,0
DA:622,0
DA:627,0
DA:629,0
DA:633,0
DA:635,0
DA:636,0
DA:637,0
DA:638,0
DA:640,0
DA:642,0
DA:646,0
DA:647,0
DA:648,0
DA:649,0
DA:651,0
DA:652,0
DA:653,0
DA:654,0
DA:656,0
DA:657,0
DA:658,0
DA:659,0
DA:670,0
DA:671,0
DA:672,0
DA:673,0
DA:678,0
DA:679,0
DA:681,0
DA:683,0
DA:687,0
DA:689,0
DA:690,0
DA:691,0
DA:692,0
DA:693,0
DA:695,0
DA:697,0
DA:701,0
DA:702,0
DA:703,0
DA:704,0
DA:707,0
DA:708,0
DA:711,0
DA:712,0
DA:713,0
DA:714,0
DA:717,0
DA:718,0
DA:719,0
DA:720,0
DA:723,0
DA:724,0
DA:725,0
DA:729,0
DA:730,0
DA:731,0
DA:733,0
DA:735,0
DA:741,0
DA:742,0
DA:743,0
DA:749,0
DA:750,0
DA:752,0
DA:753,0
DA:754,0
DA:755,0
DA:756,0
DA:760,0
DA:764,0
DA:765,0
DA:766,0
DA:767,0
DA:768,0
DA:770,0
DA:771,0
DA:772,0
DA:776,0
DA:778,0
DA:779,0
DA:780,0
LF:414
LH:77
BRDA:49,0,0,0
BRDA:49,0,1,2
BRDA:52,1,0,0
BRDA:52,1,1,0
BRDA:62,2,0,2
BRDA:62,2,1,0
BRDA:77,3,0,0
BRDA:77,3,1,0
BRDA:98,4,0,0
BRDA:98,4,1,2
BRDA:134,5,0,1
BRDA:134,5,1,0
BRDA:146,6,0,1
BRDA:146,6,1,0
BRDA:154,7,0,1
BRDA:154,7,1,0
BRDA:154,8,0,1
BRDA:154,8,1,1
BRDA:184,9,0,0
BRDA:184,9,1,0
BRDA:193,10,0,0
BRDA:193,10,1,0
BRDA:208,11,0,0
BRDA:208,11,1,0
BRDA:208,12,0,0
BRDA:208,12,1,0
BRDA:214,13,0,0
BRDA:214,13,1,0
BRDA:218,14,0,0
BRDA:218,14,1,0
BRDA:218,15,0,0
BRDA:218,15,1,0
BRDA:237,16,0,0
BRDA:237,16,1,0
BRDA:251,17,0,0
BRDA:251,17,1,0
BRDA:251,18,0,0
BRDA:251,18,1,0
BRDA:251,18,2,0
BRDA:253,19,0,0
BRDA:253,19,1,0
BRDA:253,20,0,0
BRDA:253,20,1,0
BRDA:260,21,0,0
BRDA:260,21,1,0
BRDA:263,22,0,0
BRDA:263,22,1,0
BRDA:264,23,0,0
BRDA:264,23,1,0
BRDA:268,24,0,0
BRDA:268,24,1,0
BRDA:281,25,0,0
BRDA:281,25,1,0
BRDA:281,26,0,0
BRDA:281,26,1,0
BRDA:286,27,0,0
BRDA:286,27,1,0
BRDA:286,28,0,0
BRDA:286,28,1,0
BRDA:286,28,2,0
BRDA:292,29,0,0
BRDA:292,29,1,0
BRDA:295,30,0,0
BRDA:295,30,1,0
BRDA:316,31,0,0
BRDA:316,31,1,0
BRDA:316,32,0,0
BRDA:316,32,1,0
BRDA:323,33,0,0
BRDA:323,33,1,0
BRDA:326,34,0,0
BRDA:326,34,1,0
BRDA:339,35,0,0
BRDA:339,35,1,0
BRDA:339,36,0,0
BRDA:339,36,1,0
BRDA:344,37,0,0
BRDA:344,37,1,0
BRDA:353,38,0,0
BRDA:353,38,1,0
BRDA:353,39,0,0
BRDA:353,39,1,0
BRDA:353,39,2,0
BRDA:353,39,3,0
BRDA:353,39,4,0
BRDA:382,40,0,0
BRDA:382,40,1,0
BRDA:394,41,0,0
BRDA:394,41,1,0
BRDA:394,42,0,0
BRDA:394,42,1,0
BRDA:395,43,0,0
BRDA:395,43,1,0
BRDA:409,44,0,0
BRDA:409,44,1,0
BRDA:434,45,0,0
BRDA:434,45,1,0
BRDA:441,46,0,0
BRDA:441,46,1,0
BRDA:444,47,0,0
BRDA:444,47,1,0
BRDA:446,48,0,0
BRDA:446,48,1,0
BRDA:469,49,0,0
BRDA:469,49,1,0
BRDA:472,50,0,0
BRDA:472,50,1,0
BRDA:487,51,0,0
BRDA:487,51,1,0
BRDA:487,52,0,0
BRDA:487,52,1,0
BRDA:496,53,0,0
BRDA:496,53,1,0
BRDA:501,54,0,0
BRDA:501,54,1,0
BRDA:509,55,0,0
BRDA:509,55,1,0
BRDA:512,56,0,0
BRDA:512,56,1,0
BRDA:533,57,0,0
BRDA:533,57,1,0
BRDA:533,58,0,0
BRDA:533,58,1,0
BRDA:533,58,2,0
BRDA:543,59,0,0
BRDA:543,59,1,0
BRDA:548,60,0,0
BRDA:548,60,1,0
BRDA:553,61,0,0
BRDA:553,61,1,0
BRDA:556,62,0,0
BRDA:556,62,1,0
BRDA:575,63,0,0
BRDA:575,63,1,0
BRDA:579,64,0,0
BRDA:579,64,1,0
BRDA:596,65,0,0
BRDA:596,65,1,0
BRDA:601,66,0,0
BRDA:601,66,1,0
BRDA:602,67,0,0
BRDA:602,67,1,0
BRDA:636,68,0,0
BRDA:636,68,1,0
BRDA:651,69,0,0
BRDA:651,69,1,0
BRDA:656,70,0,0
BRDA:656,70,1,0
BRDA:657,71,0,0
BRDA:657,71,1,0
BRDA:690,72,0,0
BRDA:690,72,1,0
BRDA:702,73,0,0
BRDA:702,73,1,0
BRDA:755,74,0,0
BRDA:755,74,1,0
BRDA:755,75,0,0
BRDA:755,75,1,0
BRDA:767,76,0,0
BRDA:767,76,1,0
BRDA:771,77,0,0
BRDA:771,77,1,0
BRDA:779,78,0,0
BRDA:779,78,1,0
BRF:164
BRH:8
end_of_record
TN:
SF:src\js\utils\componentLoader.js
FN:2,(anonymous_0)
FN:15,(anonymous_1)
FN:31,(anonymous_2)
FNF:3
FNH:0
FNDA:0,(anonymous_0)
FNDA:0,(anonymous_1)
FNDA:0,(anonymous_2)
DA:3,0
DA:4,0
DA:5,0
DA:6,0
DA:8,0
DA:10,0
DA:11,0
DA:16,0
DA:17,0
DA:18,0
DA:19,0
DA:21,0
DA:22,0
DA:23,0
DA:24,0
DA:26,0
DA:27,0
DA:32,0
DA:39,0
DA:45,0
DA:46,0
DA:47,0
DA:48,0
DA:53,0
DA:54,0
DA:55,0
DA:56,0
LF:27
LH:0
BRDA:5,0,0,0
BRDA:5,0,1,0
BRDA:18,1,0,0
BRDA:18,1,1,0
BRDA:47,2,0,0
BRDA:47,2,1,0
BRDA:55,3,0,0
BRDA:55,3,1,0
BRF:8
BRH:0
end_of_record
